This is pTeX, Version 3.141592-p3.1.10 (utf8.euc) (Web2C 7.5.4) (format=platex 2009.4.6)  30 JUN 2009 16:22
**LP49internal
(./LP49internal.tex
pLaTeX2e <2006/11/10>+0 (based on LaTeX2e <2003/12/01> patch level 0)
(/usr/local/teTeX/share/texmf/ptex/platex/base/pl209.def
Entering pLaTeX 2.09 compatibility mode.
(/usr/local/teTeX/share/texmf-dist/tex/latex/base/latex209.def
File: latex209.def 1998/05/13 v0.52 Standard LaTeX file


          Entering LaTeX 2.09 COMPATIBILITY MODE
 *************************************************************
    !!WARNING!!    !!WARNING!!    !!WARNING!!    !!WARNING!!   
 
 This mode attempts to provide an emulation of the LaTeX 2.09
 author environment so that OLD documents can be successfully
 processed. It should NOT be used for NEW documents!
 
 New documents should use Standard LaTeX conventions and start
 with the \documentclass command.
 
 Compatibility mode is UNLIKELY TO WORK with LaTeX 2.09 style
 files that change any internal macros, especially not with
 those that change the FONT SELECTION or OUTPUT ROUTINES.
 
 Therefore such style files MUST BE UPDATED to use
          Current Standard LaTeX: LaTeX2e.
 If you suspect that you may be using such a style file, which
 is probably very, very old by now, then you should attempt to
 get it updated by sending a copy of this error message to the
 author of that file.
 *************************************************************

\footheight=\dimen118
\@maxsep=\dimen119
\@dblmaxsep=\dimen120
\@cla=\count81
\@clb=\count82
\mscount=\count83
(/usr/local/teTeX/share/texmf-dist/tex/latex/base/tracefnt.sty
Package: tracefnt 1997/05/29 v3.0j Standard LaTeX package (font tracing)
\tracingfonts=\count84
LaTeX Info: Redefining \selectfont on input line 101.
)
\symbold=\mathgroup4
\symsans=\mathgroup5
\symtypewriter=\mathgroup6
\symitalic=\mathgroup7
\symsmallcaps=\mathgroup8
\symslanted=\mathgroup9
LaTeX Font Info:    Redeclaring math alphabet \mathbf on input line 293.
LaTeX Font Info:    Redeclaring math alphabet \mathsf on input line 294.
LaTeX Font Info:    Redeclaring math alphabet \mathtt on input line 295.
LaTeX Font Info:    Redeclaring math alphabet \mathit on input line 301.
LaTeX Info: Redefining \em on input line 311.

(/usr/local/teTeX/share/texmf-dist/tex/latex/base/latexsym.sty
Package: latexsym 1998/08/17 v2.2e Standard LaTeX package (lasy symbols)
\symlasy=\mathgroup10
LaTeX Font Info:    Overwriting symbol font `lasy' in version `bold'
(Font)                  U/lasy/m/n --> U/lasy/b/n on input line 47.
)
LaTeX Font Info:    Redeclaring math delimiter \lgroup on input line 375.
LaTeX Font Info:    Redeclaring math delimiter \rgroup on input line 377.
LaTeX Font Info:    Redeclaring math delimiter \bracevert on input line 379.

(/usr/local/teTeX/share/texmf-dist/tex/latex/base/latex209.cfg
File: latex209.cfg 2001/06/05 v1.0 teTeX customized LaTeX 2.09 compatibility mo
de setup
)
(/usr/local/teTeX/share/texmf-dist/tex/latex/tools/rawfonts.sty
Package: rawfonts 1994/05/08 Low-level LaTeX 2.09 font compatibility

(/usr/local/teTeX/share/texmf-dist/tex/latex/tools/somedefs.sty
Package: somedefs 1994/06/01 v0.03 Toolkit for optional definitions
)
LaTeX Font Info:    Try loading font information for U+lasy on input line 44.

(/usr/local/teTeX/share/texmf-dist/tex/latex/base/ulasy.fd
File: ulasy.fd 1998/08/17 v2.2e LaTeX symbol font definitions
)))
(/usr/local/teTeX/share/texmf/ptex/platex/base/ptrace.sty
LaTeX Info: Redefining \selectfont on input line 40.
\adjust@box=\box41
\adjust@dimen=\dimen121
)
\symmincho=\mathgroup11
\symgothic=\mathgroup12
LaTeX Font Info:    Overwriting symbol font `mincho' in version `bold'
(Font)                  JY1/mc/m/n --> JY1/gt/m/n on input line 59.
LaTeX Info: Redefining \bf on input line 73.
LaTeX Info: Redefining \rm on input line 80.
LaTeX Info: Redefining \sf on input line 81.
LaTeX Info: Redefining \sl on input line 82.
LaTeX Info: Redefining \sc on input line 83.
LaTeX Info: Redefining \it on input line 84.
LaTeX Info: Redefining \tt on input line 85.
LaTeX Info: Redefining \em on input line 86.
)
(/usr/local/teTeX/share/texmf/ptex/platex/base/jreport.cls
Document Class: jreport 2006/06/27 v1.6 Standard pLaTeX class
\c@@paper=\count85
(/usr/local/teTeX/share/texmf/ptex/platex/base/jsize10.clo
File: jsize10.clo 2006/06/27 v1.6 Standard pLaTeX file (size option)
)
\c@part=\count86
\c@chapter=\count87
\c@section=\count88
\c@subsection=\count89
\c@subsubsection=\count90
\c@paragraph=\count91
\c@subparagraph=\count92
\c@figure=\count93
\c@table=\count94
\abovecaptionskip=\skip41
\belowcaptionskip=\skip42
Compatibility mode: definition of \mc ignored.
Compatibility mode: definition of \gt ignored.
Compatibility mode: definition of \rm ignored.
Compatibility mode: definition of \sf ignored.
Compatibility mode: definition of \tt ignored.
Compatibility mode: definition of \bf ignored.
Compatibility mode: definition of \it ignored.
Compatibility mode: definition of \sl ignored.
Compatibility mode: definition of \sc ignored.
LaTeX Info: Redefining \cal on input line 706.
LaTeX Info: Redefining \mit on input line 707.
\toclineskip=\dimen122
\@lnumwidth=\dimen123
\bibindent=\dimen124
\heisei=\count95
)
(/usr/local/teTeX/share/texmf-dist/tex/generic/epsf/epsf.tex
This is `epsf.tex' v2.7k <10 July 1997>
\epsffilein=\read1
\epsfframemargin=\dimen125
\epsfframethickness=\dimen126
\epsfrsize=\dimen127
\epsftmp=\dimen128
\epsftsize=\dimen129
\epsfxsize=\dimen130
\epsfysize=\dimen131
\pspoints=\dimen132
\epsfnoopenhelp=\toks15
) (./comment.sty) (./LP49internal.aux)
\openout1 = `LP49internal.aux'.

LaTeX Font Info:    Checking defaults for OML/cmm/m/it on input line 16.
LaTeX Font Info:    ... okay on input line 16.
LaTeX Font Info:    Checking defaults for T1/cmr/m/n on input line 16.
LaTeX Font Info:    ... okay on input line 16.
LaTeX Font Info:    Checking defaults for OT1/cmr/m/n on input line 16.
LaTeX Font Info:    ... okay on input line 16.
LaTeX Font Info:    Checking defaults for OMS/cmsy/m/n on input line 16.
LaTeX Font Info:    ... okay on input line 16.
LaTeX Font Info:    Checking defaults for OMX/cmex/m/n on input line 16.
LaTeX Font Info:    ... okay on input line 16.
LaTeX Font Info:    Checking defaults for U/cmr/m/n on input line 16.
LaTeX Font Info:    ... okay on input line 16.
LaTeX Font Info:    Checking defaults for JY1/mc/m/n on input line 16.
LaTeX Font Info:    ... okay on input line 16.
LaTeX Font Info:    Checking defaults for JT1/mc/m/n on input line 16.
LaTeX Font Info:    ... okay on input line 16.
LaTeX Font Info:    Font shape `JT1/mc/bx/n' in size <20.74> not available
(Font)              Font shape `JT1/gt/m/n' tried instead on input line 30.
LaTeX Font Info:    Font shape `JY1/mc/bx/n' in size <20.74> not available
(Font)              Font shape `JY1/gt/m/n' tried instead on input line 30.
LaTeX Font Info:    External font `cmex10' loaded for size
(Font)              <14.4> on input line 30.
LaTeX Font Info:    External font `cmex10' loaded for size
(Font)              <7> on input line 30.
 [0

] (./LP49internal.toc
LaTeX Font Info:    Font shape `JT1/mc/bx/n' in size <12> not available
(Font)              Font shape `JT1/gt/m/n' tried instead on input line 1.
LaTeX Font Info:    Font shape `JY1/mc/bx/n' in size <12> not available
(Font)              Font shape `JY1/gt/m/n' tried instead on input line 1.
LaTeX Font Info:    Font shape `JT1/mc/bx/n' in size <10> not available
(Font)              Font shape `JT1/gt/m/n' tried instead on input line 2.
LaTeX Font Info:    Font shape `JY1/mc/bx/n' in size <10> not available
(Font)              Font shape `JY1/gt/m/n' tried instead on input line 2.
LaTeX Font Info:    External font `cmex10' loaded for size
(Font)              <5> on input line 5.
 [1

] [2])
\tf@toc=\write3
\openout3 = `LP49internal.toc'.


[3]
LaTeX Font Info:    Font shape `JT1/mc/bx/n' in size <24.88> not available
(Font)              Font shape `JT1/gt/m/n' tried instead on input line 35.
LaTeX Font Info:    Font shape `JY1/mc/bx/n' in size <24.88> not available
(Font)              Font shape `JY1/gt/m/n' tried instead on input line 35.
 [4

]
第 1 章
LaTeX Font Info:    Try loading font information for OMS+cmr on input line 84.
(/usr/local/teTeX/share/texmf-dist/tex/latex/base/omscmr.fd
File: omscmr.fd 1999/05/25 v2.5h Standard LaTeX font definitions
)
LaTeX Font Info:    Font shape `OMS/cmr/m/n' in size <10> not available
(Font)              Font shape `OMS/cmsy/m/n' tried instead on input line 84.
 [5

] [6]
第 2 章
[7

] [8]
第 3 章
LaTeX Font Info:    Font shape `JT1/mc/bx/n' in size <14.4> not available
(Font)              Font shape `JT1/gt/m/n' tried instead on input line 230.
LaTeX Font Info:    Font shape `JY1/mc/bx/n' in size <14.4> not available
(Font)              Font shape `JY1/gt/m/n' tried instead on input line 230.
[9

] [10]
第 4 章
LaTeX Font Info:    External font `cmex10' loaded for size
(Font)              <8> on input line 350.
LaTeX Font Info:    External font `cmex10' loaded for size
(Font)              <6> on input line 350.
[11

] [12] [13

]
第 5 章
[14

] [15]
第 6 章
[16

] [17] [18] [19

]
第 7 章
[20

] [21] [22] [23] [24]
第 8 章
[25

] [26]
第 9 章

Overfull \hbox (9.54771pt too wide) in paragraph at lines 1156--1156
[]\JY1/gt/m/n/14.4 プロセス管理プログラム \OT1/cmr/bx/n/14.4 Proc (proc-l4.c, s
ysproc-l4.c in src/9/port/) 
 []

[27

]
第 10 章
[28

]
LaTeX Font Info:    Try loading font information for OMS+cmtt on input line 124
1.
LaTeX Font Info:    No file OMScmtt.fd. on input line 1241.
LaTeX Font Warning: Font shape `OMS/cmtt/m/n' undefined
(Font)              using `OMS/cmsy/m/n' instead
(Font)              for symbol `textbraceleft' on input line 1241.
 [29]
Overfull \hbox (10.20491pt too wide) in paragraph at lines 1395--1398
[]\OT1/cmtt/m/n/10 read( ), write( ) \JY1/mc/m/n/10 などの操作は 、 \OT1/cmtt/m
/n/10 type \JY1/mc/m/n/10 フ ィ ールド経由で \OT1/cmtt/m/n/10 devfloppy.c \JY1/
mc/m/n/10 で定義されている \OT1/cmtt/m/n/10 fdread( ), fdwrite(
 []

[30] [31] [32] [33] [34]
第 11 章
[35

] [36] [37]
第 12 章
[38

] [39] [40] [41] [42]
Overfull \hbox (18.0034pt too wide) in paragraph at lines 2139--2144
\JY1/mc/m/n/10 割り当て 、 \OT1/cmtt/m/n/10 Chan(SvrLink) \JY1/mc/m/n/10 にリン
クする 。 \OT1/cmtt/m/n/10 Chan(/m/n/c/d) \JY1/mc/m/n/10 は代行 \OT1/cmr/m/n/10
 (Proxy) \JY1/mc/m/n/10 オブジ ェ クトであり、 \OT1/cmtt/m/n/10 Chan(/m/n/c/d)
 []

[43] [44] [45]
第 13 章
[46

] [47] [48] [49] [50]
第 14 章

Overfull \hbox (159.8698pt too wide) in paragraph at lines 2690--2694
[]\JY1/mc/m/n/10 デバイスドライバのソ ースプログラムは 、 \OT1/cmtt/m/n/10 src/
9/pc/* \JY1/mc/m/n/10 にあるので 、 参照されたい 。 また 、 ドキ ュ メント[]\OT
1/cmtt/m/n/10 LP49-yymmdd/doc/Programming/DEV_PROG.txt
 []

[51

] [52]
第 15 章
[53

]
第 16 章
[54

] [55

]
第 17 章
[56

] [57] [58

]
第 18 章
[59

]
第 19 章
[60

]
第 20 章
[61

] [62

]
第 21 章
[63

] [64]
第 22 章
[65

]
第 23 章
[66

] [67] [68] [69]
第 24 章
[70

] [71] [72

]
第 25 章
LaTeX Font Info:    Font shape `OMS/cmr/bx/n' in size <10> not available
(Font)              Font shape `OMS/cmsy/b/n' tried instead on input line 3369.

[73

] (./LP49internal.aux)
LaTeX Font Warning: Some font shapes were not available, defaults substituted.
 )
(\end occurred inside a group at level 1) 
Here is how much of TeX's memory you used:
 792 strings out of 95542
 9640 string characters out of 1190447
 59854 words of memory out of 1500000
 3923 multiletter control sequences out of 10000+50000
 36748 words of font info for 140 fonts, out of 1200000 for 2000
 14 hyphenation exceptions out of 8191
 27i,7n,22p,276b,635s stack positions out of 5000i,500n,6000p,200000b,5000s

Output written on LP49internal.dvi (74 pages, 171600 bytes).
