This is pTeX, Version 3.141592-p3.1.10 (utf8.euc) (Web2C 7.5.4) (format=platex 2009.4.6)  15 JUN 2009 18:36
**LP49NW
(./LP49NW.tex
pLaTeX2e <2006/11/10>+0 (based on LaTeX2e <2003/12/01> patch level 0)
(/usr/local/teTeX/share/texmf/ptex/platex/base/pl209.def
Entering pLaTeX 2.09 compatibility mode.
(/usr/local/teTeX/share/texmf-dist/tex/latex/base/latex209.def
File: latex209.def 1998/05/13 v0.52 Standard LaTeX file


          Entering LaTeX 2.09 COMPATIBILITY MODE
 *************************************************************
    !!WARNING!!    !!WARNING!!    !!WARNING!!    !!WARNING!!   
 
 This mode attempts to provide an emulation of the LaTeX 2.09
 author environment so that OLD documents can be successfully
 processed. It should NOT be used for NEW documents!
 
 New documents should use Standard LaTeX conventions and start
 with the \documentclass command.
 
 Compatibility mode is UNLIKELY TO WORK with LaTeX 2.09 style
 files that change any internal macros, especially not with
 those that change the FONT SELECTION or OUTPUT ROUTINES.
 
 Therefore such style files MUST BE UPDATED to use
          Current Standard LaTeX: LaTeX2e.
 If you suspect that you may be using such a style file, which
 is probably very, very old by now, then you should attempt to
 get it updated by sending a copy of this error message to the
 author of that file.
 *************************************************************

\footheight=\dimen118
\@maxsep=\dimen119
\@dblmaxsep=\dimen120
\@cla=\count81
\@clb=\count82
\mscount=\count83
(/usr/local/teTeX/share/texmf-dist/tex/latex/base/tracefnt.sty
Package: tracefnt 1997/05/29 v3.0j Standard LaTeX package (font tracing)
\tracingfonts=\count84
LaTeX Info: Redefining \selectfont on input line 101.
)
\symbold=\mathgroup4
\symsans=\mathgroup5
\symtypewriter=\mathgroup6
\symitalic=\mathgroup7
\symsmallcaps=\mathgroup8
\symslanted=\mathgroup9
LaTeX Font Info:    Redeclaring math alphabet \mathbf on input line 293.
LaTeX Font Info:    Redeclaring math alphabet \mathsf on input line 294.
LaTeX Font Info:    Redeclaring math alphabet \mathtt on input line 295.
LaTeX Font Info:    Redeclaring math alphabet \mathit on input line 301.
LaTeX Info: Redefining \em on input line 311.

(/usr/local/teTeX/share/texmf-dist/tex/latex/base/latexsym.sty
Package: latexsym 1998/08/17 v2.2e Standard LaTeX package (lasy symbols)
\symlasy=\mathgroup10
LaTeX Font Info:    Overwriting symbol font `lasy' in version `bold'
(Font)                  U/lasy/m/n --> U/lasy/b/n on input line 47.
)
LaTeX Font Info:    Redeclaring math delimiter \lgroup on input line 375.
LaTeX Font Info:    Redeclaring math delimiter \rgroup on input line 377.
LaTeX Font Info:    Redeclaring math delimiter \bracevert on input line 379.

(/usr/local/teTeX/share/texmf-dist/tex/latex/base/latex209.cfg
File: latex209.cfg 2001/06/05 v1.0 teTeX customized LaTeX 2.09 compatibility mo
de setup
)
(/usr/local/teTeX/share/texmf-dist/tex/latex/tools/rawfonts.sty
Package: rawfonts 1994/05/08 Low-level LaTeX 2.09 font compatibility

(/usr/local/teTeX/share/texmf-dist/tex/latex/tools/somedefs.sty
Package: somedefs 1994/06/01 v0.03 Toolkit for optional definitions
)
LaTeX Font Info:    Try loading font information for U+lasy on input line 44.

(/usr/local/teTeX/share/texmf-dist/tex/latex/base/ulasy.fd
File: ulasy.fd 1998/08/17 v2.2e LaTeX symbol font definitions
)))
(/usr/local/teTeX/share/texmf/ptex/platex/base/ptrace.sty
LaTeX Info: Redefining \selectfont on input line 40.
\adjust@box=\box41
\adjust@dimen=\dimen121
)
\symmincho=\mathgroup11
\symgothic=\mathgroup12
LaTeX Font Info:    Overwriting symbol font `mincho' in version `bold'
(Font)                  JY1/mc/m/n --> JY1/gt/m/n on input line 59.
LaTeX Info: Redefining \bf on input line 73.
LaTeX Info: Redefining \rm on input line 80.
LaTeX Info: Redefining \sf on input line 81.
LaTeX Info: Redefining \sl on input line 82.
LaTeX Info: Redefining \sc on input line 83.
LaTeX Info: Redefining \it on input line 84.
LaTeX Info: Redefining \tt on input line 85.
LaTeX Info: Redefining \em on input line 86.
)
(/usr/local/teTeX/share/texmf/ptex/platex/base/jreport.cls
Document Class: jreport 2006/06/27 v1.6 Standard pLaTeX class
\c@@paper=\count85
(/usr/local/teTeX/share/texmf/ptex/platex/base/jsize11.clo
File: jsize11.clo 2006/06/27 v1.6 Standard pLaTeX file (size option)
)
\c@part=\count86
\c@chapter=\count87
\c@section=\count88
\c@subsection=\count89
\c@subsubsection=\count90
\c@paragraph=\count91
\c@subparagraph=\count92
\c@figure=\count93
\c@table=\count94
\abovecaptionskip=\skip41
\belowcaptionskip=\skip42
Compatibility mode: definition of \mc ignored.
Compatibility mode: definition of \gt ignored.
Compatibility mode: definition of \rm ignored.
Compatibility mode: definition of \sf ignored.
Compatibility mode: definition of \tt ignored.
Compatibility mode: definition of \bf ignored.
Compatibility mode: definition of \it ignored.
Compatibility mode: definition of \sl ignored.
Compatibility mode: definition of \sc ignored.
LaTeX Info: Redefining \cal on input line 706.
LaTeX Info: Redefining \mit on input line 707.
\toclineskip=\dimen122
\@lnumwidth=\dimen123
\bibindent=\dimen124
\heisei=\count95
)
(/usr/local/teTeX/share/texmf-dist/tex/generic/epsf/epsf.tex
This is `epsf.tex' v2.7k <10 July 1997>
\epsffilein=\read1
\epsfframemargin=\dimen125
\epsfframethickness=\dimen126
\epsfrsize=\dimen127
\epsftmp=\dimen128
\epsftsize=\dimen129
\epsfxsize=\dimen130
\epsfysize=\dimen131
\pspoints=\dimen132
\epsfnoopenhelp=\toks15
) (./comment.sty) (./LP49NW.aux)
\openout1 = `LP49NW.aux'.

LaTeX Font Info:    Checking defaults for OML/cmm/m/it on input line 16.
LaTeX Font Info:    ... okay on input line 16.
LaTeX Font Info:    Checking defaults for T1/cmr/m/n on input line 16.
LaTeX Font Info:    ... okay on input line 16.
LaTeX Font Info:    Checking defaults for OT1/cmr/m/n on input line 16.
LaTeX Font Info:    ... okay on input line 16.
LaTeX Font Info:    Checking defaults for OMS/cmsy/m/n on input line 16.
LaTeX Font Info:    ... okay on input line 16.
LaTeX Font Info:    Checking defaults for OMX/cmex/m/n on input line 16.
LaTeX Font Info:    ... okay on input line 16.
LaTeX Font Info:    Checking defaults for U/cmr/m/n on input line 16.
LaTeX Font Info:    ... okay on input line 16.
LaTeX Font Info:    Checking defaults for JY1/mc/m/n on input line 16.
LaTeX Font Info:    ... okay on input line 16.
LaTeX Font Info:    Checking defaults for JT1/mc/m/n on input line 16.
LaTeX Font Info:    ... okay on input line 16.
LaTeX Font Info:    Font shape `JT1/mc/bx/n' in size <20.74> not available
(Font)              Font shape `JT1/gt/m/n' tried instead on input line 30.
LaTeX Font Info:    Font shape `JY1/mc/bx/n' in size <20.74> not available
(Font)              Font shape `JY1/gt/m/n' tried instead on input line 30.
LaTeX Font Info:    External font `cmex10' loaded for size
(Font)              <14.4> on input line 30.
LaTeX Font Info:    External font `cmex10' loaded for size
(Font)              <7> on input line 30.
 [0

] (./LP49NW.toc
LaTeX Font Info:    Font shape `JT1/mc/bx/n' in size <10.95> not available
(Font)              Font shape `JT1/gt/m/n' tried instead on input line 1.
LaTeX Font Info:    Font shape `JY1/mc/bx/n' in size <10.95> not available
(Font)              Font shape `JY1/gt/m/n' tried instead on input line 1.
LaTeX Font Info:    External font `cmex10' loaded for size
(Font)              <10.95> on input line 2.
LaTeX Font Info:    External font `cmex10' loaded for size
(Font)              <8> on input line 2.
LaTeX Font Info:    External font `cmex10' loaded for size
(Font)              <6> on input line 2.
)
\tf@toc=\write3
\openout3 = `LP49NW.toc'.

 [1

]
第 1 章
LaTeX Font Info:    Font shape `JT1/mc/bx/n' in size <14.4> not available
(Font)              Font shape `JT1/gt/m/n' tried instead on input line 36.
LaTeX Font Info:    Font shape `JY1/mc/bx/n' in size <14.4> not available
(Font)              Font shape `JY1/gt/m/n' tried instead on input line 36.
[2

]
第 2 章
LaTeX Font Info:    Try loading font information for OMS+cmr on input line 77.
(/usr/local/teTeX/share/texmf-dist/tex/latex/base/omscmr.fd
File: omscmr.fd 1999/05/25 v2.5h Standard LaTeX font definitions
)
LaTeX Font Info:    Font shape `OMS/cmr/m/n' in size <10.95> not available
(Font)              Font shape `OMS/cmsy/m/n' tried instead on input line 77.
 [3

] [4]
第 3 章
[5

] [6] [7] [8]
第 4 章

Overfull \hbox (36.2673pt too wide) in paragraph at lines 380--384
\OT1/cmr/m/n/10.95 (\JY1/mc/m/n/10.95 小文字の\OT1/cmr/m/n/10.95 'L' \JY1/mc/m/
n/10.95 ） であり、 名前空間の \OT1/cmr/m/n/10.95 ``/net'' \JY1/mc/m/n/10.95 に
マウントして使われる 。 ソ ースプログラムは 、  \OT1/cmtt/m/n/10.95 src/9/cp/de
vether.c
 []

[9

]
第 5 章

Overfull \hbox (5.07845pt too wide) in paragraph at lines 445--447
[]\OT1/cmtt/m/n/10.95 ip.c \JY1/mc/m/n/10.95 の []\OT1/cmtt/m/n/10.95 ipoput4()
 \JY1/mc/m/n/10.95 は 、 \OT1/cmr/m/n/10.95 Ether \JY1/mc/m/n/10.95 サ ービスに
処理を引き継ぐために 、 \OT1/cmtt/m/n/10.95 ethermedium.c \JY1/mc/m/n/10.95 の 
[]\OT1/cmtt/m/n/10.95 etherbwrite()
 []

[10

] [11] [12] [13]
第 6 章
[14

] [15] [16] [17]
Overfull \hbox (4.27164pt too wide) in paragraph at lines 823--826
[]\JY1/mc/m/n/10.95 個 々 の \OT1/cmr/m/n/10.95 ``\JY1/mc/m/n/10.95 論理チ ャ 
ネル\OT1/cmr/m/n/10.95 ''(\JY1/mc/m/n/10.95 接続\OT1/cmr/m/n/10.95 ) \JY1/mc/m/
n/10.95 を表すのが 、 次の \OT1/cmtt/m/n/10.95 Conv \JY1/mc/m/n/10.95 テ ーブル
である 。 \OT1/cmtt/m/n/10.95 Proto \JY1/mc/m/n/10.95 テ ーブルは 、 []\OT1/cmt
t/m/n/10.95 Conv  **conv;
 []

[18] [19]
Overfull \hbox (13.89291pt too wide) in paragraph at lines 987--994
\OT1/cmr/m/n/10.95 cal/remote \JY1/mc/m/n/10.95 のポ ート番号等を記録している 
。 デ ータの送受信に関わる重要なフ ィ ールドとして 、 \OT1/cmr/m/n/10.95 ``[]\O
T1/cmtt/m/n/10.95 Queue *rq;\OT1/cmr/m/n/10.95 ''
 []

[20]
Overfull \hbox (7.14249pt too wide) in paragraph at lines 1057--1060
[][]\OT1/cmtt/m/n/10.95 ipiput4() \JY1/mc/m/n/10.95 は 、 受信パケ ッ トの宛先 
\OT1/cmr/m/n/10.95 IP \JY1/mc/m/n/10.95 アドレスが自分か否かを調べる 。 自分宛
でない場合は 、 []\OT1/cmtt/m/n/10.95 v4lookup()
 []

[21]
Overfull \hbox (34.24991pt too wide) in paragraph at lines 1120--1122
[]\OT1/cmr/m/n/10.95 IP \JY1/mc/m/n/10.95 層が \OT1/cmr/m/n/10.95 UDP \JY1/mc/m
/n/10.95 パケ ッ トを受信すると 、 []\OT1/cmtt/m/n/10.95 (*proto->rcv)(...) \JY
1/mc/m/n/10.95 を呼び出す。 \OT1/cmr/m/n/10.95 UDP \JY1/mc/m/n/10.95 の場合は 
、 []\OT1/cmtt/m/n/10.95 (*proto->rcv)(...)
 []

[22]
Overfull \hbox (32.72906pt too wide) in paragraph at lines 1186--1188
[]\OT1/cmr/m/n/10.95 IP \JY1/mc/m/n/10.95 層が \OT1/cmr/m/n/10.95 TCP \JY1/mc/m
/n/10.95 パケ ッ トを受信すると 、 []\OT1/cmtt/m/n/10.95 (*proto->rcv)(...) \JY
1/mc/m/n/10.95 を呼び出す。 \OT1/cmr/m/n/10.95 TCP \JY1/mc/m/n/10.95 の場合は 
、 []\OT1/cmtt/m/n/10.95 (*proto->rcv)(...)
 []

[23]
第 7 章
[24

]
Overfull \vbox (22.13571pt too high) has occurred while \output is active []


[25] (./LP49NW.aux) ) 
Here is how much of TeX's memory you used:
 757 strings out of 95542
 9118 string characters out of 1190447
 58802 words of memory out of 1500000
 3899 multiletter control sequences out of 10000+50000
 34519 words of font info for 132 fonts, out of 1200000 for 2000
 14 hyphenation exceptions out of 8191
 27i,7n,22p,276b,504s stack positions out of 5000i,500n,6000p,200000b,5000s

Output written on LP49NW.dvi (26 pages, 64856 bytes).
